香港故事 香港故事-尾巴會說話
香港故事 香港故事---近水留情
香港故事 香港故事-世界美食堂
香港故事 香港故事創科夢工場2
香港故事 香港故事邊境人家
31看世界 31看世界-K-Pop夢工場
31看世界 31看世界-超時空尋找
31看世界 31看世界-千年陝菜第二季
31看世界 31看世界-大腦解碼
31看世界 31看世界-大熊貓雲川和鑫寶
31看世界 31看世界-本草流芳
31看世界 31看世界-舌尖上的中國第四季
31看世界 31看世界-因為遇見你
31看世界 31看世界-向新出發
31看世界 31看世界-但是還有書籍第一季
31看世界 31看世界-但是還有書籍第二季
31看世界 31看世界-我家是個博物館
31看世界 31看世界-泥的名字
31看世界 31看世界-珍古德的足跡
31看世界 31看世界-穿越蘑菇雲的人
31看世界 31看世界-航拍海岸線第一季
31看世界 31看世界-淨零排放新時代
31看世界 31看世界-尋色中國
31看世界 31看世界-鄔達克
31看世界 31看世界-認知障礙知多少
31看世界 31看世界-魅力阿聯酋
31看世界 31看世界-養貓的人
31看世界 31看世界-環球釣魚大冒險
31看世界 31看世界大自然奧秘
31看世界 31看世界白牛大使
31看世界 31看世界地震偵探
31看世界 31看世界我所看見的風暴
31看世界 31看世界我所看見的颶風
31看世界 31看世界維克托的極限清單2
31看世界 31看世界巔峰工程
香港故事 香港故事
31看世界 31看世界-我家是個博物館
31看世界 31看世界-環球釣魚大冒險
音樂情人 音樂情人
古今風雲人物 古今風雲人物
周末午夜場 周末午夜場
舊日的足跡 舊日的足跡
語妙天下 語妙天下
香港故事 香港故事
香港故事 香港故事-世界美食堂
31看世界 31看世界維克托的極限清單2
濾鏡 濾鏡
長安的荔枝 長安的荔枝
2000 2000靚歌再重聚
